This is pdfTeX, Version 3.14159265-2.6-1.40.19 (TeX Live 2018) (preloaded format=pdflatex 2019.3.7)  13 MAR 2019 21:20
entering extended mode
 restricted \write18 enabled.
 %&-line parsing enabled.
**Protokoll.tex
(./Protokoll.tex
LaTeX2e <2018-04-01> patch level 2
Babel <3.18> and hyphenation patterns for 84 language(s) loaded.
(/usr/local/texlive/2018/texmf-dist/tex/latex/base/article.cls
Document Class: article 2014/09/29 v1.4h Standard LaTeX document class
(/usr/local/texlive/2018/texmf-dist/tex/latex/base/size12.clo
File: size12.clo 2014/09/29 v1.4h Standard LaTeX file (size option)
)
\c@part=\count80
\c@section=\count81
\c@subsection=\count82
\c@subsubsection=\count83
\c@paragraph=\count84
\c@subparagraph=\count85
\c@figure=\count86
\c@table=\count87
\abovecaptionskip=\skip41
\belowcaptionskip=\skip42
\bibindent=\dimen102
)
(/usr/local/texlive/2018/texmf-dist/tex/latex/base/inputenc.sty
Package: inputenc 2018/04/06 v1.3b Input encoding file
\inpenc@prehook=\toks14
\inpenc@posthook=\toks15
)
(/usr/local/texlive/2018/texmf-dist/tex/generic/babel/babel.sty
Package: babel 2018/02/14 3.18 The Babel package

(/usr/local/texlive/2018/texmf-dist/tex/generic/babel/switch.def
File: switch.def 2018/02/14 3.18 Babel switching mechanism
)
(/usr/local/texlive/2018/texmf-dist/tex/generic/babel-german/german.ldf
Language: german 2018/03/29 v2.10 German support for babel (pre-1996 orthograph
y)

(/usr/local/texlive/2018/texmf-dist/tex/generic/babel-german/germanb.ldf
Language: germanb 2018/03/29 v2.10 German support for babel (pre-1996 orthograp
hy)

(/usr/local/texlive/2018/texmf-dist/tex/generic/babel/babel.def
File: babel.def 2018/02/14 3.18 Babel common definitions
\babel@savecnt=\count88
\U@D=\dimen103

(/usr/local/texlive/2018/texmf-dist/tex/generic/babel/txtbabel.def)
\bbl@dirlevel=\count89
)
Package babel Info: Making " an active character on input line 135.
)))
(/usr/local/texlive/2018/texmf-dist/tex/latex/base/fontenc.sty
Package: fontenc 2017/04/05 v2.0i Standard LaTeX package

(/usr/local/texlive/2018/texmf-dist/tex/latex/base/t1enc.def
File: t1enc.def 2017/04/05 v2.0i Standard LaTeX file
LaTeX Font Info:    Redeclaring font encoding T1 on input line 48.
))
(/usr/local/texlive/2018/texmf-dist/tex/latex/amsmath/amsmath.sty
Package: amsmath 2017/09/02 v2.17a AMS math features
\@mathmargin=\skip43

For additional information on amsmath, use the `?' option.
(/usr/local/texlive/2018/texmf-dist/tex/latex/amsmath/amstext.sty
Package: amstext 2000/06/29 v2.01 AMS text

(/usr/local/texlive/2018/texmf-dist/tex/latex/amsmath/amsgen.sty
File: amsgen.sty 1999/11/30 v2.0 generic functions
\@emptytoks=\toks16
\ex@=\dimen104
))
(/usr/local/texlive/2018/texmf-dist/tex/latex/amsmath/amsbsy.sty
Package: amsbsy 1999/11/29 v1.2d Bold Symbols
\pmbraise@=\dimen105
)
(/usr/local/texlive/2018/texmf-dist/tex/latex/amsmath/amsopn.sty
Package: amsopn 2016/03/08 v2.02 operator names
)
\inf@bad=\count90
LaTeX Info: Redefining \frac on input line 213.
\uproot@=\count91
\leftroot@=\count92
LaTeX Info: Redefining \overline on input line 375.
\classnum@=\count93
\DOTSCASE@=\count94
LaTeX Info: Redefining \ldots on input line 472.
LaTeX Info: Redefining \dots on input line 475.
LaTeX Info: Redefining \cdots on input line 596.
\Mathstrutbox@=\box26
\strutbox@=\box27
\big@size=\dimen106
LaTeX Font Info:    Redeclaring font encoding OML on input line 712.
LaTeX Font Info:    Redeclaring font encoding OMS on input line 713.
\macc@depth=\count95
\c@MaxMatrixCols=\count96
\dotsspace@=\muskip10
\c@parentequation=\count97
\dspbrk@lvl=\count98
\tag@help=\toks17
\row@=\count99
\column@=\count100
\maxfields@=\count101
\andhelp@=\toks18
\eqnshift@=\dimen107
\alignsep@=\dimen108
\tagshift@=\dimen109
\tagwidth@=\dimen110
\totwidth@=\dimen111
\lineht@=\dimen112
\@envbody=\toks19
\multlinegap=\skip44
\multlinetaggap=\skip45
\mathdisplay@stack=\toks20
LaTeX Info: Redefining \[ on input line 2817.
LaTeX Info: Redefining \] on input line 2818.
)
(/usr/local/texlive/2018/texmf-dist/tex/latex/amsfonts/amsfonts.sty
Package: amsfonts 2013/01/14 v3.01 Basic AMSFonts support
\symAMSa=\mathgroup4
\symAMSb=\mathgroup5
LaTeX Font Info:    Overwriting math alphabet `\mathfrak' in version `bold'
(Font)                  U/euf/m/n --> U/euf/b/n on input line 106.
)
(/usr/local/texlive/2018/texmf-dist/tex/latex/amsfonts/amssymb.sty
Package: amssymb 2013/01/14 v3.01 AMS font symbols
)
(/usr/local/texlive/2018/texmf-dist/tex/latex/graphics/graphicx.sty
Package: graphicx 2017/06/01 v1.1a Enhanced LaTeX Graphics (DPC,SPQR)

(/usr/local/texlive/2018/texmf-dist/tex/latex/graphics/keyval.sty
Package: keyval 2014/10/28 v1.15 key=value parser (DPC)
\KV@toks@=\toks21
)
(/usr/local/texlive/2018/texmf-dist/tex/latex/graphics/graphics.sty
Package: graphics 2017/06/25 v1.2c Standard LaTeX Graphics (DPC,SPQR)

(/usr/local/texlive/2018/texmf-dist/tex/latex/graphics/trig.sty
Package: trig 2016/01/03 v1.10 sin cos tan (DPC)
)
(/usr/local/texlive/2018/texmf-dist/tex/latex/graphics-cfg/graphics.cfg
File: graphics.cfg 2016/06/04 v1.11 sample graphics configuration
)
Package graphics Info: Driver file: pdftex.def on input line 99.

(/usr/local/texlive/2018/texmf-dist/tex/latex/graphics-def/pdftex.def
File: pdftex.def 2018/01/08 v1.0l Graphics/color driver for pdftex
))
\Gin@req@height=\dimen113
\Gin@req@width=\dimen114
)
(/usr/local/texlive/2018/texmf-dist/tex/latex/geometry/geometry.sty
Package: geometry 2018/03/24 v5.7 Page Geometry

(/usr/local/texlive/2018/texmf-dist/tex/generic/oberdiek/ifpdf.sty
Package: ifpdf 2017/03/15 v3.2 Provides the ifpdf switch
)
(/usr/local/texlive/2018/texmf-dist/tex/generic/oberdiek/ifvtex.sty
Package: ifvtex 2016/05/16 v1.6 Detect VTeX and its facilities (HO)
Package ifvtex Info: VTeX not detected.
)
(/usr/local/texlive/2018/texmf-dist/tex/generic/ifxetex/ifxetex.sty
Package: ifxetex 2010/09/12 v0.6 Provides ifxetex conditional
)
\Gm@cnth=\count102
\Gm@cntv=\count103
\c@Gm@tempcnt=\count104
\Gm@bindingoffset=\dimen115
\Gm@wd@mp=\dimen116
\Gm@odd@mp=\dimen117
\Gm@even@mp=\dimen118
\Gm@layoutwidth=\dimen119
\Gm@layoutheight=\dimen120
\Gm@layouthoffset=\dimen121
\Gm@layoutvoffset=\dimen122
\Gm@dimlist=\toks22
)
(/usr/local/texlive/2018/texmf-dist/tex/latex/float/float.sty
Package: float 2001/11/08 v1.3d Float enhancements (AL)
\c@float@type=\count105
\float@exts=\toks23
\float@box=\box28
\@float@everytoks=\toks24
\@floatcapt=\box29
)
(/usr/local/texlive/2018/texmf-dist/tex/latex/subfig/subfig.sty
Package: subfig 2005/06/28 ver: 1.3 subfig package

(/usr/local/texlive/2018/texmf-dist/tex/latex/caption/caption.sty
Package: caption 2016/02/21 v3.3-144 Customizing captions (AR)

(/usr/local/texlive/2018/texmf-dist/tex/latex/caption/caption3.sty
Package: caption3 2016/05/22 v1.7-166 caption3 kernel (AR)
Package caption3 Info: TeX engine: e-TeX on input line 67.
\captionmargin=\dimen123
\captionmargin@=\dimen124
\captionwidth=\dimen125
\caption@tempdima=\dimen126
\caption@indent=\dimen127
\caption@parindent=\dimen128
\caption@hangindent=\dimen129
)
\c@ContinuedFloat=\count106
Package caption Info: float package is loaded.
)
\c@KVtest=\count107
\sf@farskip=\skip46
\sf@captopadj=\dimen130
\sf@capskip=\skip47
\sf@nearskip=\skip48
\c@subfigure=\count108
\c@subfigure@save=\count109
\c@lofdepth=\count110
\c@subtable=\count111
\c@subtable@save=\count112
\c@lotdepth=\count113
\sf@top=\skip49
\sf@bottom=\skip50
)
(/usr/local/texlive/2018/texmf-dist/tex/latex/siunitx/siunitx.sty
(/usr/local/texlive/2018/texmf-dist/tex/latex/l3kernel/expl3.sty
Package: expl3 2018/03/05 L3 programming layer (loader) 

(/usr/local/texlive/2018/texmf-dist/tex/latex/l3kernel/expl3-code.tex
Package: expl3 2018/03/05 L3 programming layer (code)
\c_max_int=\count114
\l_tmpa_int=\count115
\l_tmpb_int=\count116
\g_tmpa_int=\count117
\g_tmpb_int=\count118
\g__intarray_font_int=\count119
\g__prg_map_int=\count120
\c_log_iow=\count121
\l_iow_line_count_int=\count122
\l__iow_line_target_int=\count123
\l__iow_one_indent_int=\count124
\l__iow_indent_int=\count125
\c_zero_dim=\dimen131
\c_max_dim=\dimen132
\l_tmpa_dim=\dimen133
\l_tmpb_dim=\dimen134
\g_tmpa_dim=\dimen135
\g_tmpb_dim=\dimen136
\c_zero_skip=\skip51
\c_max_skip=\skip52
\l_tmpa_skip=\skip53
\l_tmpb_skip=\skip54
\g_tmpa_skip=\skip55
\g_tmpb_skip=\skip56
\c_zero_muskip=\muskip11
\c_max_muskip=\muskip12
\l_tmpa_muskip=\muskip13
\l_tmpb_muskip=\muskip14
\g_tmpa_muskip=\muskip15
\g_tmpb_muskip=\muskip16
\l_keys_choice_int=\count126
\c__fp_leading_shift_int=\count127
\c__fp_middle_shift_int=\count128
\c__fp_trailing_shift_int=\count129
\c__fp_big_leading_shift_int=\count130
\c__fp_big_middle_shift_int=\count131
\c__fp_big_trailing_shift_int=\count132
\c__fp_Bigg_leading_shift_int=\count133
\c__fp_Bigg_middle_shift_int=\count134
\c__fp_Bigg_trailing_shift_int=\count135
\c__fp_rand_size_int=\count136
\c__fp_rand_four_int=\count137
\c__fp_rand_eight_int=\count138
\l__sort_length_int=\count139
\l__sort_min_int=\count140
\l__sort_top_int=\count141
\l__sort_max_int=\count142
\l__sort_true_max_int=\count143
\l__sort_block_int=\count144
\l__sort_begin_int=\count145
\l__sort_end_int=\count146
\l__sort_A_int=\count147
\l__sort_B_int=\count148
\l__sort_C_int=\count149
\l__tl_build_start_index_int=\count150
\l__tl_build_index_int=\count151
\l__tl_analysis_normal_int=\count152
\l__tl_analysis_index_int=\count153
\l__tl_analysis_nesting_int=\count154
\l__tl_analysis_type_int=\count155
\l__regex_internal_a_int=\count156
\l__regex_internal_b_int=\count157
\l__regex_internal_c_int=\count158
\l__regex_balance_int=\count159
\l__regex_group_level_int=\count160
\l__regex_mode_int=\count161
\c__regex_cs_in_class_mode_int=\count162
\c__regex_cs_mode_int=\count163
\l__regex_catcodes_int=\count164
\l__regex_default_catcodes_int=\count165
\c__regex_catcode_D_int=\count166
\c__regex_catcode_S_int=\count167
\c__regex_catcode_L_int=\count168
\c__regex_catcode_O_int=\count169
\c__regex_catcode_A_int=\count170
\c__regex_all_catcodes_int=\count171
\l__regex_show_lines_int=\count172
\l__regex_min_state_int=\count173
\l__regex_max_state_int=\count174
\l__regex_left_state_int=\count175
\l__regex_right_state_int=\count176
\l__regex_capturing_group_int=\count177
\l__regex_min_pos_int=\count178
\l__regex_max_pos_int=\count179
\l__regex_curr_pos_int=\count180
\l__regex_start_pos_int=\count181
\l__regex_success_pos_int=\count182
\l__regex_curr_char_int=\count183
\l__regex_curr_catcode_int=\count184
\l__regex_last_char_int=\count185
\l__regex_case_changed_char_int=\count186
\l__regex_curr_state_int=\count187
\l__regex_step_int=\count188
\l__regex_min_active_int=\count189
\l__regex_max_active_int=\count190
\l__regex_replacement_csnames_int=\count191
\l__regex_match_count_int=\count192
\l__regex_min_submatch_int=\count193
\l__regex_submatch_int=\count194
\l__regex_zeroth_submatch_int=\count195
\g__regex_trace_regex_int=\count196
\c_empty_box=\box30
\l_tmpa_box=\box31
\l_tmpb_box=\box32
\g_tmpa_box=\box33
\g_tmpb_box=\box34
\l__box_top_dim=\dimen137
\l__box_bottom_dim=\dimen138
\l__box_left_dim=\dimen139
\l__box_right_dim=\dimen140
\l__box_top_new_dim=\dimen141
\l__box_bottom_new_dim=\dimen142
\l__box_left_new_dim=\dimen143
\l__box_right_new_dim=\dimen144
\l__box_internal_box=\box35
\l__coffin_internal_box=\box36
\l__coffin_internal_dim=\dimen145
\l__coffin_offset_x_dim=\dimen146
\l__coffin_offset_y_dim=\dimen147
\l__coffin_x_dim=\dimen148
\l__coffin_y_dim=\dimen149
\l__coffin_x_prime_dim=\dimen150
\l__coffin_y_prime_dim=\dimen151
\c_empty_coffin=\box37
\l__coffin_aligned_coffin=\box38
\l__coffin_aligned_internal_coffin=\box39
\l_tmpa_coffin=\box40
\l_tmpb_coffin=\box41
\l__coffin_display_coffin=\box42
\l__coffin_display_coord_coffin=\box43
\l__coffin_display_pole_coffin=\box44
\l__coffin_display_offset_dim=\dimen152
\l__coffin_display_x_dim=\dimen153
\l__coffin_display_y_dim=\dimen154
\l__coffin_bounding_shift_dim=\dimen155
\l__coffin_left_corner_dim=\dimen156
\l__coffin_right_corner_dim=\dimen157
\l__coffin_bottom_corner_dim=\dimen158
\l__coffin_top_corner_dim=\dimen159
\l__coffin_scaled_total_height_dim=\dimen160
\l__coffin_scaled_width_dim=\dimen161
)
(/usr/local/texlive/2018/texmf-dist/tex/latex/l3kernel/l3pdfmode.def
File: l3pdfmode.def 2017/03/18 v L3 Experimental driver: PDF mode
\l__driver_color_stack_int=\count197
))
(/usr/local/texlive/2018/texmf-dist/tex/latex/l3packages/xparse/xparse.sty
Package: xparse 2018/02/21 L3 Experimental document command parser
\l__xparse_current_arg_int=\count198
\g__xparse_grabber_int=\count199
\l__xparse_m_args_int=\count266
\l__xparse_mandatory_args_int=\count267
\l__xparse_v_nesting_int=\count268
)
Package: siunitx 2018-03-20 v2.7m A comprehensive (SI) units package

(/usr/local/texlive/2018/texmf-dist/tex/latex/tools/array.sty
Package: array 2018/04/07 v2.4g Tabular extension package (FMi)
\col@sep=\dimen162
\ar@mcellbox=\box45
\extrarowheight=\dimen163
\NC@list=\toks25
\extratabsurround=\skip57
\backup@length=\skip58
\ar@cellbox=\box46
)
(/usr/local/texlive/2018/texmf-dist/tex/latex/l3packages/l3keys2e/l3keys2e.sty
Package: l3keys2e 2018/02/21 LaTeX2e option processing using LaTeX3 keys
)
\l__siunitx_tmp_box=\box47
\l__siunitx_tmp_dim=\dimen164
\l__siunitx_tmp_int=\count269
\l__siunitx_number_mantissa_length_int=\count270
\l__siunitx_number_uncert_length_int=\count271
\l__siunitx_round_int=\count272
\l__siunitx_process_decimal_int=\count273
\l__siunitx_process_uncertainty_int=\count274
\l__siunitx_process_fixed_int=\count275
\l__siunitx_process_integer_min_int=\count276
\l__siunitx_process_precision_int=\count277
\l__siunitx_group_min_int=\count278
\l__siunitx_angle_marker_box=\box48
\l__siunitx_angle_unit_box=\box49
\l__siunitx_angle_marker_dim=\dimen165
\l__siunitx_angle_unit_dim=\dimen166
\l__siunitx_unit_int=\count279
\l__siunitx_unit_denominator_int=\count280
\l__siunitx_unit_numerator_int=\count281
\l__siunitx_unit_prefix_int=\count282
\l__siunitx_unit_prefix_base_int=\count283
\l__siunitx_unit_prefix_gram_int=\count284
\l__siunitx_number_product_int=\count285
\c__siunitx_one_fill_skip=\skip59
\l__siunitx_table_unit_align_skip=\skip60
\l__siunitx_table_exponent_dim=\dimen167
\l__siunitx_table_integer_dim=\dimen168
\l__siunitx_table_mantissa_dim=\dimen169
\l__siunitx_table_marker_dim=\dimen170
\l__siunitx_table_result_dim=\dimen171
\l__siunitx_table_uncert_dim=\dimen172
\l__siunitx_table_fill_pre_dim=\dimen173
\l__siunitx_table_fill_post_dim=\dimen174
\l__siunitx_table_fill_mid_dim=\dimen175
\l__siunitx_table_pre_box=\box50
\l__siunitx_table_post_box=\box51
\l__siunitx_table_mantissa_box=\box52
\l__siunitx_table_result_box=\box53
\l__siunitx_table_number_align_skip=\skip61
\l__siunitx_table_text_align_skip=\skip62
.................................................
. LaTeX info: "xparse/define-command"
. 
. Defining command \DeclareBinaryPrefix with sig. 'mmm' on line 7244.
.................................................
.................................................
. LaTeX info: "xparse/define-command"
. 
. Defining command \DeclareSIPostPower with sig. 'mm' on line 7247.
.................................................
.................................................
. LaTeX info: "xparse/define-command"
. 
. Defining command \DeclareSIPrefix with sig. 'mmm' on line 7250.
.................................................
.................................................
. LaTeX info: "xparse/define-command"
. 
. Defining command \DeclareSIPrePower with sig. 'mm' on line 7253.
.................................................
.................................................
. LaTeX info: "xparse/define-command"
. 
. Defining command \DeclareSIQualifier with sig. 'mm' on line 7256.
.................................................
.................................................
. LaTeX info: "xparse/define-command"
. 
. Defining command \DeclareSIUnit with sig. 'O{}mm' on line 7259.
.................................................
.................................................
. LaTeX info: "xparse/define-command"
. 
. Defining command \DeclareSIUnitWithOptions with sig. 'mmm' on line 7262.
.................................................
.................................................
. LaTeX info: "xparse/define-command"
. 
. Defining command \ang with sig. 'o>{\SplitArgument {2}{;}}m' on line 7277.
.................................................
.................................................
. LaTeX info: "xparse/define-command"
. 
. Defining command \num with sig. 'om' on line 7286.
.................................................
.................................................
. LaTeX info: "xparse/define-command"
. 
. Defining command \numlist with sig. 'o>{\SplitList {;}}m' on line 7295.
.................................................
.................................................
. LaTeX info: "xparse/define-command"
. 
. Defining command \numrange with sig. 'omm' on line 7304.
.................................................
.................................................
. LaTeX info: "xparse/define-command"
. 
. Defining command \SIlist with sig. 'o>{\SplitList {;}}mm' on line 7316.
.................................................
.................................................
. LaTeX info: "xparse/define-command"
. 
. Defining command \SIrange with sig. 'ommm' on line 7328.
.................................................
.................................................
. LaTeX info: "xparse/define-command"
. 
. Defining command \SI with sig. 'omom' on line 7340.
.................................................
.................................................
. LaTeX info: "xparse/define-command"
. 
. Defining command \sisetup with sig. 'm' on line 7343.
.................................................
.................................................
. LaTeX info: "xparse/define-command"
. 
. Defining command \tablenum with sig. 'om' on line 7358.
.................................................
.................................................
. LaTeX info: "xparse/define-command"
. 
. Defining command \si with sig. 'om' on line 7370.
.................................................
.................................................
. LaTeX info: "xparse/define-command"
. 
. Defining command \numInBookmark with sig. 'om' on line 7417.
.................................................
.................................................
. LaTeX info: "xparse/define-command"
. 
. Defining command \numrangeInBookmark with sig. 'omm' on line 7419.
.................................................
.................................................
. LaTeX info: "xparse/define-command"
. 
. Defining command \SIInBookmark with sig. 'omom' on line 7421.
.................................................
.................................................
. LaTeX info: "xparse/define-command"
. 
. Defining command \SIlistInBookmark with sig. 'omm' on line 7423.
.................................................
.................................................
. LaTeX info: "xparse/define-command"
. 
. Defining command \SIrangeInBookmark with sig. 'ommm' on line 7425.
.................................................
.................................................
. LaTeX info: "xparse/define-command"
. 
. Defining command \siInBookmark with sig. 'om' on line 7426.
.................................................
\g__file_internal_ior=\read1
(/usr/local/texlive/2018/texmf-dist/tex/latex/translator/translator.sty
Package: translator 2018/01/04 v1.12 Easy translation of strings in LaTeX
))
(/usr/local/texlive/2018/texmf-dist/tex/latex/tools/verbatim.sty
Package: verbatim 2014/10/28 v1.5q LaTeX2e package for verbatim enhancements
\every@verbatim=\toks26
\verbatim@line=\toks27
\verbatim@in@stream=\read2
)
(./Protokoll.aux

LaTeX Warning: Label `' multiply defined.


LaTeX Warning: Label `' multiply defined.


LaTeX Warning: Label `' multiply defined.


LaTeX Warning: Label `' multiply defined.

)
\openout1 = `Protokoll.aux'.

LaTeX Font Info:    Checking defaults for OML/cmm/m/it on input line 23.
LaTeX Font Info:    ... okay on input line 23.
LaTeX Font Info:    Checking defaults for T1/cmr/m/n on input line 23.
LaTeX Font Info:    ... okay on input line 23.
LaTeX Font Info:    Checking defaults for OT1/cmr/m/n on input line 23.
LaTeX Font Info:    ... okay on input line 23.
LaTeX Font Info:    Checking defaults for OMS/cmsy/m/n on input line 23.
LaTeX Font Info:    ... okay on input line 23.
LaTeX Font Info:    Checking defaults for OMX/cmex/m/n on input line 23.
LaTeX Font Info:    ... okay on input line 23.
LaTeX Font Info:    Checking defaults for U/cmr/m/n on input line 23.
LaTeX Font Info:    ... okay on input line 23.
 (/usr/local/texlive/2018/texmf-dist/tex/context/base/mkii/supp-pdf.mkii
[Loading MPS to PDF converter (version 2006.09.02).]
\scratchcounter=\count286
\scratchdimen=\dimen176
\scratchbox=\box54
\nofMPsegments=\count287
\nofMParguments=\count288
\everyMPshowfont=\toks28
\MPscratchCnt=\count289
\MPscratchDim=\dimen177
\MPnumerator=\count290
\makeMPintoPDFobject=\count291
\everyMPtoPDFconversion=\toks29
) (/usr/local/texlive/2018/texmf-dist/tex/latex/oberdiek/epstopdf-base.sty
Package: epstopdf-base 2016/05/15 v2.6 Base part for package epstopdf

(/usr/local/texlive/2018/texmf-dist/tex/generic/oberdiek/infwarerr.sty
Package: infwarerr 2016/05/16 v1.4 Providing info/warning/error messages (HO)
)
(/usr/local/texlive/2018/texmf-dist/tex/latex/oberdiek/grfext.sty
Package: grfext 2016/05/16 v1.2 Manage graphics extensions (HO)

(/usr/local/texlive/2018/texmf-dist/tex/generic/oberdiek/kvdefinekeys.sty
Package: kvdefinekeys 2016/05/16 v1.4 Define keys (HO)

(/usr/local/texlive/2018/texmf-dist/tex/generic/oberdiek/ltxcmds.sty
Package: ltxcmds 2016/05/16 v1.23 LaTeX kernel commands for general use (HO)
)))
(/usr/local/texlive/2018/texmf-dist/tex/latex/oberdiek/kvoptions.sty
Package: kvoptions 2016/05/16 v3.12 Key value format for package options (HO)

(/usr/local/texlive/2018/texmf-dist/tex/generic/oberdiek/kvsetkeys.sty
Package: kvsetkeys 2016/05/16 v1.17 Key value parser (HO)

(/usr/local/texlive/2018/texmf-dist/tex/generic/oberdiek/etexcmds.sty
Package: etexcmds 2016/05/16 v1.6 Avoid name clashes with e-TeX commands (HO)

(/usr/local/texlive/2018/texmf-dist/tex/generic/oberdiek/ifluatex.sty
Package: ifluatex 2016/05/16 v1.4 Provides the ifluatex switch (HO)
Package ifluatex Info: LuaTeX not detected.
)
Package etexcmds Info: Could not find \expanded.
(etexcmds)             That can mean that you are not using pdfTeX 1.50 or
(etexcmds)             that some package has redefined \expanded.
(etexcmds)             In the latter case, load this package earlier.
)))
(/usr/local/texlive/2018/texmf-dist/tex/generic/oberdiek/pdftexcmds.sty
Package: pdftexcmds 2018/01/30 v0.27 Utility functions of pdfTeX for LuaTeX (HO
)
Package pdftexcmds Info: LuaTeX not detected.
Package pdftexcmds Info: \pdf@primitive is available.
Package pdftexcmds Info: \pdf@ifprimitive is available.
Package pdftexcmds Info: \pdfdraftmode found.
)
Package epstopdf-base Info: Redefining graphics rule for `.eps' on input line 4
38.
Package grfext Info: Graphics extension search list:
(grfext)             [.pdf,.png,.jpg,.mps,.jpeg,.jbig2,.jb2,.PDF,.PNG,.JPG,.JPE
G,.JBIG2,.JB2,.eps]
(grfext)             \AppendGraphicsExtensions on input line 456.

(/usr/local/texlive/2018/texmf-dist/tex/latex/latexconfig/epstopdf-sys.cfg
File: epstopdf-sys.cfg 2010/07/13 v1.3 Configuration of (r)epstopdf for TeX Liv
e
))
*geometry* driver: auto-detecting
*geometry* detected driver: pdftex
*geometry* verbose mode - [ preamble ] result:
* driver: pdftex
* paper: a4paper
* layout: <same size as paper>
* layoutoffset:(h,v)=(0.0pt,0.0pt)
* modes: 
* h-part:(L,W,R)=(71.13188pt, 455.24411pt, 71.13188pt)
* v-part:(T,H,B)=(56.9055pt, 731.23584pt, 56.9055pt)
* \paperwidth=597.50787pt
* \paperheight=845.04684pt
* \textwidth=455.24411pt
* \textheight=731.23584pt
* \oddsidemargin=-1.1381pt
* \evensidemargin=-1.1381pt
* \topmargin=-52.36449pt
* \headheight=12.0pt
* \headsep=25.0pt
* \topskip=12.0pt
* \footskip=30.0pt
* \marginparwidth=35.0pt
* \marginparsep=10.0pt
* \columnsep=10.0pt
* \skip\footins=10.8pt plus 4.0pt minus 2.0pt
* \hoffset=0.0pt
* \voffset=0.0pt
* \mag=1000
* \@twocolumnfalse
* \@twosidefalse
* \@mparswitchfalse
* \@reversemarginfalse
* (1in=72.27pt=25.4mm, 1cm=28.453pt)

Package caption Info: Begin \AtBeginDocument code.
Package caption Info: subfig package v1.3 is loaded.
Package caption Info: End \AtBeginDocument code.
Now handling font encoding TS1 ...
... processing UTF-8 mapping file for font encoding TS1
(/usr/local/texlive/2018/texmf-dist/tex/latex/base/ts1enc.dfu
File: ts1enc.dfu 2018/04/05 v1.2c UTF-8 support for inputenc
   defining Unicode char U+00A2 (decimal 162)
   defining Unicode char U+00A3 (decimal 163)
   defining Unicode char U+00A4 (decimal 164)
   defining Unicode char U+00A5 (decimal 165)
   defining Unicode char U+00A6 (decimal 166)
   defining Unicode char U+00A7 (decimal 167)
   defining Unicode char U+00A8 (decimal 168)
   defining Unicode char U+00A9 (decimal 169)
   defining Unicode char U+00AA (decimal 170)
   defining Unicode char U+00AC (decimal 172)
   defining Unicode char U+00AE (decimal 174)
   defining Unicode char U+00AF (decimal 175)
   defining Unicode char U+00B0 (decimal 176)
   defining Unicode char U+00B1 (decimal 177)
   defining Unicode char U+00B2 (decimal 178)
   defining Unicode char U+00B3 (decimal 179)
   defining Unicode char U+00B4 (decimal 180)
   defining Unicode char U+00B5 (decimal 181)
   defining Unicode char U+00B6 (decimal 182)
   defining Unicode char U+00B7 (decimal 183)
   defining Unicode char U+00B9 (decimal 185)
   defining Unicode char U+00BA (decimal 186)
   defining Unicode char U+00BC (decimal 188)
   defining Unicode char U+00BD (decimal 189)
   defining Unicode char U+00BE (decimal 190)
   defining Unicode char U+00D7 (decimal 215)
   defining Unicode char U+00F7 (decimal 247)
   defining Unicode char U+0192 (decimal 402)
   defining Unicode char U+02C7 (decimal 711)
   defining Unicode char U+02D8 (decimal 728)
   defining Unicode char U+02DD (decimal 733)
   defining Unicode char U+0E3F (decimal 3647)
   defining Unicode char U+2016 (decimal 8214)
   defining Unicode char U+2020 (decimal 8224)
   defining Unicode char U+2021 (decimal 8225)
   defining Unicode char U+2022 (decimal 8226)
   defining Unicode char U+2030 (decimal 8240)
   defining Unicode char U+2031 (decimal 8241)
   defining Unicode char U+203B (decimal 8251)
   defining Unicode char U+203D (decimal 8253)
   defining Unicode char U+2044 (decimal 8260)
   defining Unicode char U+204E (decimal 8270)
   defining Unicode char U+2052 (decimal 8274)
   defining Unicode char U+20A1 (decimal 8353)
   defining Unicode char U+20A4 (decimal 8356)
   defining Unicode char U+20A6 (decimal 8358)
   defining Unicode char U+20A9 (decimal 8361)
   defining Unicode char U+20AB (decimal 8363)
   defining Unicode char U+20AC (decimal 8364)
   defining Unicode char U+20B1 (decimal 8369)
   defining Unicode char U+2103 (decimal 8451)
   defining Unicode char U+2116 (decimal 8470)
   defining Unicode char U+2117 (decimal 8471)
   defining Unicode char U+211E (decimal 8478)
   defining Unicode char U+2120 (decimal 8480)
   defining Unicode char U+2122 (decimal 8482)
   defining Unicode char U+2126 (decimal 8486)
   defining Unicode char U+2127 (decimal 8487)
   defining Unicode char U+212E (decimal 8494)
   defining Unicode char U+2190 (decimal 8592)
   defining Unicode char U+2191 (decimal 8593)
   defining Unicode char U+2192 (decimal 8594)
   defining Unicode char U+2193 (decimal 8595)
   defining Unicode char U+2329 (decimal 9001)
   defining Unicode char U+232A (decimal 9002)
   defining Unicode char U+2422 (decimal 9250)
   defining Unicode char U+25E6 (decimal 9702)
   defining Unicode char U+25EF (decimal 9711)
   defining Unicode char U+266A (decimal 9834)
   defining Unicode char U+FEFF (decimal 65279)
)
(/usr/local/texlive/2018/texmf-dist/tex/latex/translator/translator-basic-dicti
onary-English.dict
Dictionary: translator-basic-dictionary, Language: English 
)
(/usr/local/texlive/2018/texmf-dist/tex/latex/siunitx/siunitx-abbreviations.cfg
File: siunitx-abbreviations.cfg 2017/11/26 v2.7k siunitx: Abbreviated units
)
LaTeX Font Info:    Try loading font information for U+msa on input line 23.
 (/usr/local/texlive/2018/texmf-dist/tex/latex/amsfonts/umsa.fd
File: umsa.fd 2013/01/14 v3.01 AMS symbols A
)
LaTeX Font Info:    Try loading font information for U+msb on input line 23.

(/usr/local/texlive/2018/texmf-dist/tex/latex/amsfonts/umsb.fd
File: umsb.fd 2013/01/14 v3.01 AMS symbols B
) [1

{/usr/local/texlive/2018/texmf-var/fonts/map/pdftex/updmap/pdftex.map}] (./Prot
okoll.toc)
\tf@toc=\write3
\openout3 = `Protokoll.toc'.


[2]
<Aufbau.png, id=15, 648.4225pt x 435.6275pt>
File: Aufbau.png Graphic file (type png)
<use Aufbau.png>
Package pdftex.def Info: Aufbau.png  used on input line 64.
(pdftex.def)             Requested size: 318.66948pt x 214.09082pt.
 [3] [4 <./Aufbau.png>]
<Python/lambda_roh_LinReg.pdf, id=31, 397.12115pt x 266.68005pt>
File: Python/lambda_roh_LinReg.pdf Graphic file (type pdf)
<use Python/lambda_roh_LinReg.pdf>
Package pdftex.def Info: Python/lambda_roh_LinReg.pdf  used on input line 116.
(pdftex.def)             Requested size: 199.16928pt x 133.75069pt.
<Python/lambda_roh_Residuen.pdf, id=32, 412.24014pt x 266.68005pt>
File: Python/lambda_roh_Residuen.pdf Graphic file (type pdf)
<use Python/lambda_roh_Residuen.pdf>
Package pdftex.def Info: Python/lambda_roh_Residuen.pdf  used on input line 118
.
(pdftex.def)             Requested size: 199.16928pt x 128.84322pt.
 [5 <./Python/lambda_roh_LinReg.pdf> <./Python/lambda_roh_Residuen.pdf

pdfTeX warning: /Library/TeX/texbin/pdflatex (file ./Python/lambda_roh_Residuen
.pdf): PDF inclusion: multiple pdfs with page group included in a single page
>]
<Python/Lambda1_mResiduen.pdf, id=124, 391.80441pt x 308.46115pt>
File: Python/Lambda1_mResiduen.pdf Graphic file (type pdf)
<use Python/Lambda1_mResiduen.pdf>
Package pdftex.def Info: Python/Lambda1_mResiduen.pdf  used on input line 136.
(pdftex.def)             Requested size: 199.16928pt x 156.80478pt.
<Python/Lambda2_mResiduen.pdf, id=125, 398.18764pt x 308.46115pt>
File: Python/Lambda2_mResiduen.pdf Graphic file (type pdf)
<use Python/Lambda2_mResiduen.pdf>
Package pdftex.def Info: Python/Lambda2_mResiduen.pdf  used on input line 138.
(pdftex.def)             Requested size: 199.16928pt x 154.29138pt.
<Python/Lambda3_mResiduen.pdf, id=126, 398.18764pt x 308.46115pt>
File: Python/Lambda3_mResiduen.pdf Graphic file (type pdf)
<use Python/Lambda3_mResiduen.pdf>
Package pdftex.def Info: Python/Lambda3_mResiduen.pdf  used on input line 143.
(pdftex.def)             Requested size: 199.16928pt x 154.29138pt.
<Python/Lambda4_mResiduen.pdf, id=127, 398.18764pt x 308.46115pt>
File: Python/Lambda4_mResiduen.pdf Graphic file (type pdf)
<use Python/Lambda4_mResiduen.pdf>
Package pdftex.def Info: Python/Lambda4_mResiduen.pdf  used on input line 145.
(pdftex.def)             Requested size: 199.16928pt x 154.29138pt.
 [6 <./Python/Lambda1_mResiduen.pdf> <./Python/Lambda2_mResiduen.pdf

pdfTeX warning: /Library/TeX/texbin/pdflatex (file ./Python/Lambda2_mResiduen.p
df): PDF inclusion: multiple pdfs with page group included in a single page
> <./Python/Lambda3_mResiduen.pdf

pdfTeX warning: /Library/TeX/texbin/pdflatex (file ./Python/Lambda3_mResiduen.p
df): PDF inclusion: multiple pdfs with page group included in a single page
> <./Python/Lambda4_mResiduen.pdf

pdfTeX warning: /Library/TeX/texbin/pdflatex (file ./Python/Lambda4_mResiduen.p
df): PDF inclusion: multiple pdfs with page group included in a single page
>] [7] [8]
<Python/Methode1_Ergebnisse.pdf, id=352, 398.18764pt x 274.12976pt>
File: Python/Methode1_Ergebnisse.pdf Graphic file (type pdf)
<use Python/Methode1_Ergebnisse.pdf>
Package pdftex.def Info: Python/Methode1_Ergebnisse.pdf  used on input line 270
.
(pdftex.def)             Requested size: 273.14923pt x 188.06218pt.
 [9 <./Python/Methode1_Ergebnisse.pdf>] [10]
<Python/Uebersetzungsfaktor11_LinReg.pdf, id=401, 390.73793pt x 266.68005pt>
File: Python/Uebersetzungsfaktor11_LinReg.pdf Graphic file (type pdf)
<use Python/Uebersetzungsfaktor11_LinReg.pdf>
Package pdftex.def Info: Python/Uebersetzungsfaktor11_LinReg.pdf  used on input
 line 384.
(pdftex.def)             Requested size: 199.16928pt x 135.93178pt.
<Python/Uebersetzungsfaktor12_LinReg.pdf, id=402, 390.73793pt x 266.68005pt>
File: Python/Uebersetzungsfaktor12_LinReg.pdf Graphic file (type pdf)
<use Python/Uebersetzungsfaktor12_LinReg.pdf>
Package pdftex.def Info: Python/Uebersetzungsfaktor12_LinReg.pdf  used on input
 line 386.
(pdftex.def)             Requested size: 199.16928pt x 135.93178pt.
<Python/Uebersetzungsfaktor11_Residuen.pdf, id=403, 412.24014pt x 266.68005pt>
File: Python/Uebersetzungsfaktor11_Residuen.pdf Graphic file (type pdf)
<use Python/Uebersetzungsfaktor11_Residuen.pdf>
Package pdftex.def Info: Python/Uebersetzungsfaktor11_Residuen.pdf  used on inp
ut line 391.
(pdftex.def)             Requested size: 199.16928pt x 128.84322pt.
<Python/Uebersetzungsfaktor12_Residuen.pdf, id=404, 418.62337pt x 266.68005pt>
File: Python/Uebersetzungsfaktor12_Residuen.pdf Graphic file (type pdf)
<use Python/Uebersetzungsfaktor12_Residuen.pdf>
Package pdftex.def Info: Python/Uebersetzungsfaktor12_Residuen.pdf  used on inp
ut line 393.
(pdftex.def)             Requested size: 199.16928pt x 126.88187pt.
<Python/Uebersetzungsfaktor13_LinReg.pdf, id=405, 397.12115pt x 266.68005pt>
File: Python/Uebersetzungsfaktor13_LinReg.pdf Graphic file (type pdf)
<use Python/Uebersetzungsfaktor13_LinReg.pdf>
Package pdftex.def Info: Python/Uebersetzungsfaktor13_LinReg.pdf  used on input
 line 397.
(pdftex.def)             Requested size: 199.16928pt x 133.75069pt.
<Python/Uebersetzungsfaktor14_LinReg.pdf, id=406, 390.73793pt x 266.68005pt>
File: Python/Uebersetzungsfaktor14_LinReg.pdf Graphic file (type pdf)
<use Python/Uebersetzungsfaktor14_LinReg.pdf>
Package pdftex.def Info: Python/Uebersetzungsfaktor14_LinReg.pdf  used on input
 line 399.
(pdftex.def)             Requested size: 199.16928pt x 135.93178pt.
<Python/Uebersetzungsfaktor13_Residuen.pdf, id=407, 418.62337pt x 266.68005pt>
File: Python/Uebersetzungsfaktor13_Residuen.pdf Graphic file (type pdf)
<use Python/Uebersetzungsfaktor13_Residuen.pdf>
Package pdftex.def Info: Python/Uebersetzungsfaktor13_Residuen.pdf  used on inp
ut line 404.
(pdftex.def)             Requested size: 199.16928pt x 126.88187pt.
<Python/Uebersetzungsfaktor14_Residuen.pdf, id=408, 418.62337pt x 266.68005pt>
File: Python/Uebersetzungsfaktor14_Residuen.pdf Graphic file (type pdf)
<use Python/Uebersetzungsfaktor14_Residuen.pdf>
Package pdftex.def Info: Python/Uebersetzungsfaktor14_Residuen.pdf  used on inp
ut line 406.
(pdftex.def)             Requested size: 199.16928pt x 126.88187pt.
<Python/Uebersetzungsfaktor21_LinReg.pdf, id=409, 390.73793pt x 266.68005pt>
File: Python/Uebersetzungsfaktor21_LinReg.pdf Graphic file (type pdf)
<use Python/Uebersetzungsfaktor21_LinReg.pdf>
Package pdftex.def Info: Python/Uebersetzungsfaktor21_LinReg.pdf  used on input
 line 412.
(pdftex.def)             Requested size: 199.16928pt x 135.93178pt.
<Python/Uebersetzungsfaktor22_LinReg.pdf, id=410, 390.73793pt x 266.68005pt>
File: Python/Uebersetzungsfaktor22_LinReg.pdf Graphic file (type pdf)
<use Python/Uebersetzungsfaktor22_LinReg.pdf>
Package pdftex.def Info: Python/Uebersetzungsfaktor22_LinReg.pdf  used on input
 line 414.
(pdftex.def)             Requested size: 199.16928pt x 135.93178pt.
<Python/Uebersetzungsfaktor21_Residuen.pdf, id=411, 412.24014pt x 266.68005pt>
File: Python/Uebersetzungsfaktor21_Residuen.pdf Graphic file (type pdf)
<use Python/Uebersetzungsfaktor21_Residuen.pdf>
Package pdftex.def Info: Python/Uebersetzungsfaktor21_Residuen.pdf  used on inp
ut line 419.
(pdftex.def)             Requested size: 199.16928pt x 128.84322pt.
<Python/Uebersetzungsfaktor22_Residuen.pdf, id=412, 412.24014pt x 266.76675pt>
File: Python/Uebersetzungsfaktor22_Residuen.pdf Graphic file (type pdf)
<use Python/Uebersetzungsfaktor22_Residuen.pdf>
Package pdftex.def Info: Python/Uebersetzungsfaktor22_Residuen.pdf  used on inp
ut line 421.
(pdftex.def)             Requested size: 199.16928pt x 128.8851pt.
 [11 <./Python/Uebersetzungsfaktor11_LinReg.pdf> <./Python/Uebersetzungsfaktor1
2_LinReg.pdf

pdfTeX warning: /Library/TeX/texbin/pdflatex (file ./Python/Uebersetzungsfaktor
12_LinReg.pdf): PDF inclusion: multiple pdfs with page group included in a sing
le page
> <./Python/Uebersetzungsfaktor11_Residuen.pdf

pdfTeX warning: /Library/TeX/texbin/pdflatex (file ./Python/Uebersetzungsfaktor
11_Residuen.pdf): PDF inclusion: multiple pdfs with page group included in a si
ngle page
> <./Python/Uebersetzungsfaktor12_Residuen.pdf

pdfTeX warning: /Library/TeX/texbin/pdflatex (file ./Python/Uebersetzungsfaktor
12_Residuen.pdf): PDF inclusion: multiple pdfs with page group included in a si
ngle page
> <./Python/Uebersetzungsfaktor13_LinReg.pdf

pdfTeX warning: /Library/TeX/texbin/pdflatex (file ./Python/Uebersetzungsfaktor
13_LinReg.pdf): PDF inclusion: multiple pdfs with page group included in a sing
le page
> <./Python/Uebersetzungsfaktor14_LinReg.pdf

pdfTeX warning: /Library/TeX/texbin/pdflatex (file ./Python/Uebersetzungsfaktor
14_LinReg.pdf): PDF inclusion: multiple pdfs with page group included in a sing
le page
> <./Python/Uebersetzungsfaktor13_Residuen.pdf

pdfTeX warning: /Library/TeX/texbin/pdflatex (file ./Python/Uebersetzungsfaktor
13_Residuen.pdf): PDF inclusion: multiple pdfs with page group included in a si
ngle page
> <./Python/Uebersetzungsfaktor14_Residuen.pdf

pdfTeX warning: /Library/TeX/texbin/pdflatex (file ./Python/Uebersetzungsfaktor
14_Residuen.pdf): PDF inclusion: multiple pdfs with page group included in a si
ngle page
>]
<Python/Uebersetzungsfaktor23_LinReg.pdf, id=784, 397.12115pt x 266.68005pt>
File: Python/Uebersetzungsfaktor23_LinReg.pdf Graphic file (type pdf)
<use Python/Uebersetzungsfaktor23_LinReg.pdf>
Package pdftex.def Info: Python/Uebersetzungsfaktor23_LinReg.pdf  used on input
 line 425.
(pdftex.def)             Requested size: 199.16928pt x 133.75069pt.
<Python/Uebersetzungsfaktor24_LinReg.pdf, id=785, 390.73793pt x 266.68005pt>
File: Python/Uebersetzungsfaktor24_LinReg.pdf Graphic file (type pdf)
<use Python/Uebersetzungsfaktor24_LinReg.pdf>
Package pdftex.def Info: Python/Uebersetzungsfaktor24_LinReg.pdf  used on input
 line 427.
(pdftex.def)             Requested size: 199.16928pt x 135.93178pt.
<Python/Uebersetzungsfaktor23_Residuen.pdf, id=786, 418.62337pt x 266.68005pt>
File: Python/Uebersetzungsfaktor23_Residuen.pdf Graphic file (type pdf)
<use Python/Uebersetzungsfaktor23_Residuen.pdf>
Package pdftex.def Info: Python/Uebersetzungsfaktor23_Residuen.pdf  used on inp
ut line 432.
(pdftex.def)             Requested size: 199.16928pt x 126.88187pt.
<Python/Uebersetzungsfaktor24_Residuen.pdf, id=787, 412.24014pt x 266.68005pt>
File: Python/Uebersetzungsfaktor24_Residuen.pdf Graphic file (type pdf)
<use Python/Uebersetzungsfaktor24_Residuen.pdf>
Package pdftex.def Info: Python/Uebersetzungsfaktor24_Residuen.pdf  used on inp
ut line 434.
(pdftex.def)             Requested size: 199.16928pt x 128.84322pt.
 [12 <./Python/Uebersetzungsfaktor21_LinReg.pdf> <./Python/Uebersetzungsfaktor2
2_LinReg.pdf

pdfTeX warning: /Library/TeX/texbin/pdflatex (file ./Python/Uebersetzungsfaktor
22_LinReg.pdf): PDF inclusion: multiple pdfs with page group included in a sing
le page
> <./Python/Uebersetzungsfaktor21_Residuen.pdf

pdfTeX warning: /Library/TeX/texbin/pdflatex (file ./Python/Uebersetzungsfaktor
21_Residuen.pdf): PDF inclusion: multiple pdfs with page group included in a si
ngle page
> <./Python/Uebersetzungsfaktor22_Residuen.pdf

pdfTeX warning: /Library/TeX/texbin/pdflatex (file ./Python/Uebersetzungsfaktor
22_Residuen.pdf): PDF inclusion: multiple pdfs with page group included in a si
ngle page
> <./Python/Uebersetzungsfaktor23_LinReg.pdf

pdfTeX warning: /Library/TeX/texbin/pdflatex (file ./Python/Uebersetzungsfaktor
23_LinReg.pdf): PDF inclusion: multiple pdfs with page group included in a sing
le page
> <./Python/Uebersetzungsfaktor24_LinReg.pdf

pdfTeX warning: /Library/TeX/texbin/pdflatex (file ./Python/Uebersetzungsfaktor
24_LinReg.pdf): PDF inclusion: multiple pdfs with page group included in a sing
le page
> <./Python/Uebersetzungsfaktor23_Residuen.pdf

pdfTeX warning: /Library/TeX/texbin/pdflatex (file ./Python/Uebersetzungsfaktor
23_Residuen.pdf): PDF inclusion: multiple pdfs with page group included in a si
ngle page
> <./Python/Uebersetzungsfaktor24_Residuen.pdf

pdfTeX warning: /Library/TeX/texbin/pdflatex (file ./Python/Uebersetzungsfaktor
24_Residuen.pdf): PDF inclusion: multiple pdfs with page group included in a si
ngle page
>] [13] (./Protokoll.aux)

LaTeX Warning: There were multiply-defined labels.

 ) 
Here is how much of TeX's memory you used:
 15785 strings out of 492649
 316259 string characters out of 6129623
 352349 words of memory out of 5000000
 19497 multiletter control sequences out of 15000+600000
 551506 words of font info for 81 fonts, out of 8000000 for 9000
 1141 hyphenation exceptions out of 8191
 44i,13n,42p,10381b,678s stack positions out of 5000i,500n,10000p,200000b,80000s
{/usr/local/texlive/2018/texmf-dist/fonts/enc/dvips/cm-super/cm-super-t1.enc}
</usr/local/texlive/2018/texmf-dist/fonts/type1/public/amsfonts/cm/cmmi10.pfb><
/usr/local/texlive/2018/texmf-dist/fonts/type1/public/amsfonts/cm/cmmi12.pfb></
usr/local/texlive/2018/texmf-dist/fonts/type1/public/amsfonts/cm/cmmi7.pfb></us
r/local/texlive/2018/texmf-dist/fonts/type1/public/amsfonts/cm/cmmi8.pfb></usr/
local/texlive/2018/texmf-dist/fonts/type1/public/amsfonts/cm/cmr10.pfb></usr/lo
cal/texlive/2018/texmf-dist/fonts/type1/public/amsfonts/cm/cmr12.pfb></usr/loca
l/texlive/2018/texmf-dist/fonts/type1/public/amsfonts/cm/cmr7.pfb></usr/local/t
exlive/2018/texmf-dist/fonts/type1/public/amsfonts/cm/cmr8.pfb></usr/local/texl
ive/2018/texmf-dist/fonts/type1/public/amsfonts/cm/cmsy10.pfb></usr/local/texli
ve/2018/texmf-dist/fonts/type1/public/amsfonts/cm/cmsy7.pfb></usr/local/texlive
/2018/texmf-dist/fonts/type1/public/amsfonts/cm/cmsy8.pfb></usr/local/texlive/2
018/texmf-dist/fonts/type1/public/cm-super/sfbx1200.pfb></usr/local/texlive/201
8/texmf-dist/fonts/type1/public/cm-super/sfbx1440.pfb></usr/local/texlive/2018/
texmf-dist/fonts/type1/public/cm-super/sfbx1728.pfb></usr/local/texlive/2018/te
xmf-dist/fonts/type1/public/cm-super/sfrm0700.pfb></usr/local/texlive/2018/texm
f-dist/fonts/type1/public/cm-super/sfrm0800.pfb></usr/local/texlive/2018/texmf-
dist/fonts/type1/public/cm-super/sfrm1000.pfb></usr/local/texlive/2018/texmf-di
st/fonts/type1/public/cm-super/sfrm1200.pfb></usr/local/texlive/2018/texmf-dist
/fonts/type1/public/cm-super/sfrm1440.pfb></usr/local/texlive/2018/texmf-dist/f
onts/type1/public/cm-super/sfrm2074.pfb></usr/local/texlive/2018/texmf-dist/fon
ts/type1/public/cm-super/sfsl1200.pfb>
Output written on Protokoll.pdf (13 pages, 1042524 bytes).
PDF statistics:
 1230 PDF objects out of 1440 (max. 8388607)
 272 compressed objects within 3 object streams
 0 named destinations out of 1000 (max. 500000)
 121 words of extra memory for PDF output out of 10000 (max. 10000000)

